<?xml version="1.0" encoding="UTF-8"?>
<testsuite xmlns:xsi="http://www.w3.org/2001/XMLSchema-instance" xsi:noNamespaceSchemaLocation="https://maven.apache.org/surefire/maven-surefire-plugin/xsd/surefire-test-report.xsd" name="shoppingapp.ProductTest" time="0.016" tests="10" errors="0" skipped="0" failures="0">
  <properties>
    <property name="java.specification.version" value="17"/>
    <property name="sun.cpu.isalist" value="amd64"/>
    <property name="sun.jnu.encoding" value="Cp1252"/>
    <property name="java.class.path" value="C:\Users\chibi\OneDrive\Desktop\2023 - S1 - COSC2440 - Further Programming\app\target\test-classes;C:\Users\chibi\OneDrive\Desktop\2023 - S1 - COSC2440 - Further Programming\app\target\classes;C:\Users\chibi\.m2\repository\junit\junit\4.11\junit-4.11.jar;C:\Users\chibi\.m2\repository\org\hamcrest\hamcrest-core\1.3\hamcrest-core-1.3.jar;"/>
    <property name="java.vm.vendor" value="Eclipse Adoptium"/>
    <property name="sun.arch.data.model" value="64"/>
    <property name="user.variant" value=""/>
    <property name="java.vendor.url" value="https://adoptium.net/"/>
    <property name="user.timezone" value="Asia/Saigon"/>
    <property name="os.name" value="Windows 10"/>
    <property name="java.vm.specification.version" value="17"/>
    <property name="sun.java.launcher" value="SUN_STANDARD"/>
    <property name="user.country" value="US"/>
    <property name="sun.boot.library.path" value="D:\Eclipse\bin"/>
    <property name="sun.java.command" value="C:\Users\chibi\AppData\Local\Temp\surefire5512177398959878748\surefirebooter2790278449036669717.jar C:\Users\chibi\AppData\Local\Temp\surefire5512177398959878748 2023-04-17T09-34-36_352-jvmRun1 surefire7030159399065619626tmp surefire_05204075137915906779tmp"/>
    <property name="jdk.debug" value="release"/>
    <property name="surefire.test.class.path" value="C:\Users\chibi\OneDrive\Desktop\2023 - S1 - COSC2440 - Further Programming\app\target\test-classes;C:\Users\chibi\OneDrive\Desktop\2023 - S1 - COSC2440 - Further Programming\app\target\classes;C:\Users\chibi\.m2\repository\junit\junit\4.11\junit-4.11.jar;C:\Users\chibi\.m2\repository\org\hamcrest\hamcrest-core\1.3\hamcrest-core-1.3.jar;"/>
    <property name="sun.cpu.endian" value="little"/>
    <property name="user.home" value="C:\Users\chibi"/>
    <property name="user.language" value="en"/>
    <property name="java.specification.vendor" value="Oracle Corporation"/>
    <property name="java.version.date" value="2023-01-17"/>
    <property name="java.home" value="D:\Eclipse"/>
    <property name="file.separator" value="\"/>
    <property name="basedir" value="C:\Users\chibi\OneDrive\Desktop\2023 - S1 - COSC2440 - Further Programming\app"/>
    <property name="java.vm.compressedOopsMode" value="Zero based"/>
    <property name="line.separator" value="&#10;"/>
    <property name="java.vm.specification.vendor" value="Oracle Corporation"/>
    <property name="java.specification.name" value="Java Platform API Specification"/>
    <property name="surefire.real.class.path" value="C:\Users\chibi\AppData\Local\Temp\surefire5512177398959878748\surefirebooter2790278449036669717.jar"/>
    <property name="user.script" value=""/>
    <property name="sun.management.compiler" value="HotSpot 64-Bit Tiered Compilers"/>
    <property name="java.runtime.version" value="17.0.6+10"/>
    <property name="user.name" value="chibi"/>
    <property name="path.separator" value=";"/>
    <property name="os.version" value="10.0"/>
    <property name="java.runtime.name" value="OpenJDK Runtime Environment"/>
    <property name="file.encoding" value="Cp1252"/>
    <property name="java.vm.name" value="OpenJDK 64-Bit Server VM"/>
    <property name="java.vendor.version" value="Temurin-17.0.6+10"/>
    <property name="localRepository" value="C:\Users\chibi\.m2\repository"/>
    <property name="java.vendor.url.bug" value="https://github.com/adoptium/adoptium-support/issues"/>
    <property name="java.io.tmpdir" value="C:\Users\chibi\AppData\Local\Temp\"/>
    <property name="java.version" value="17.0.6"/>
    <property name="user.dir" value="C:\Users\chibi\OneDrive\Desktop\2023 - S1 - COSC2440 - Further Programming\app"/>
    <property name="os.arch" value="amd64"/>
    <property name="java.vm.specification.name" value="Java Virtual Machine Specification"/>
    <property name="sun.os.patch.level" value=""/>
    <property name="native.encoding" value="Cp1252"/>
    <property name="java.library.path" value="D:\Eclipse\bin;C:\Windows\Sun\Java\bin;C:\Windows\system32;C:\Windows;D:\Eclipse\bin;C:\Program Files\Common Files\Oracle\Java\javapath;C:\Windows\system32;C:\Windows;C:\Windows\System32\Wbem;C:\Windows\System32\WindowsPowerShell\v1.0\;C:\Windows\System32\OpenSSH\;C:\Program Files (x86)\NVIDIA Corporation\PhysX\Common;D:\Java\Java 17\bin;D:\Maven\apache-maven-3.9.1\bin;C:\Program Files\dotnet\;C:\Users\chibi\AppData\Roaming\.dotnet;C:\Users\chibi\AppData\Local\Microsoft\WindowsApps;D:\Microsoft VS Code\bin;D:\Java\Java 17\bin;D:\Maven\apache-maven-3.9.1\bin;C:\Users\chibi\.dotnet\tools;C:\Users\chibi\.dotnet\tools;."/>
    <property name="java.vm.info" value="mixed mode, sharing"/>
    <property name="java.vendor" value="Eclipse Adoptium"/>
    <property name="java.vm.version" value="17.0.6+10"/>
    <property name="sun.io.unicode.encoding" value="UnicodeLittle"/>
    <property name="java.class.version" value="61.0"/>
  </properties>
  <testcase name="testDigitalProductQuantity" classname="shoppingapp.ProductTest" time="0"/>
  <testcase name="testDigitalProductWeight" classname="shoppingapp.ProductTest" time="0"/>
  <testcase name="testPhysicalProductQuantity" classname="shoppingapp.ProductTest" time="0"/>
  <testcase name="testDigitalProductPrice" classname="shoppingapp.ProductTest" time="0"/>
  <testcase name="testPhysicalProductDesc" classname="shoppingapp.ProductTest" time="0"/>
  <testcase name="testPhysicalProductName" classname="shoppingapp.ProductTest" time="0"/>
  <testcase name="testDigiProductName" classname="shoppingapp.ProductTest" time="0"/>
  <testcase name="testDigitalProductDesc" classname="shoppingapp.ProductTest" time="0"/>
  <testcase name="testPhysicalProductWeight" classname="shoppingapp.ProductTest" time="0"/>
  <testcase name="testPhysicalProductPrice" classname="shoppingapp.ProductTest" time="0"/>
</testsuite>